2023-08-14 15:32:14.283 [main] INFO  com.rs.mv.mvvs.Startup - [LSP:100101]ROCKET MV BASIC EXTENSION to start
2023-08-14 15:32:14.601 [main] INFO  com.rs.mv.mvvs.lsp.server.BasicLanguageServerLauncher - [LSP:100102]start pip server
2023-08-14 15:32:15.469 [main] INFO  com.rs.mv.mvvs.lsp.server.BasicLanguageServerLauncher - [LSP:100103]ROCKET MV BASIC EXTENSION start successful
2023-08-14 15:32:15.860 [pool-3-thread-1] INFO  com.rs.mv.mvvs.instance.workspace.WorkspaceManager - [workspace:200101]load all workspace folders start
2023-08-14 15:32:15.861 [pool-3-thread-1] INFO  com.rs.mv.mvvs.instance.workspace.WorkspaceManager - [workspace:20010201]root uri: file:///c%3A/Users/Manue/OneDrive/Documentos/Desarrollo%20Web/Java/LosDelfines
2023-08-14 15:32:15.915 [pool-3-thread-1] INFO  com.rs.mv.mvvs.instance.workspace.handler.FolderHandler - [workspace:200103]workspace contains workspace folder: file:///c%3A/Users/Manue/OneDrive/Documentos/Desarrollo%20Web/Java/LosDelfines
2023-08-14 15:32:16.025 [pool-3-thread-1] INFO  com.rs.mv.mvvs.instance.workspace.handler.FolderHandler - [workspace:200104]workspace folder will be cached: file:///c%3A/Users/Manue/OneDrive/Documentos/Desarrollo%20Web/Java/LosDelfines
2023-08-14 15:32:16.026 [pool-3-thread-1] INFO  com.rs.mv.mvvs.rmv.config.Config - [framework:30010101]config load start
2023-08-14 15:32:16.026 [pool-3-thread-1] INFO  com.rs.mv.mvvs.rmv.config.Config - [framework:30010102]project config path is : C:/Users/Manue/OneDrive/Documentos/Desarrollo Web/Java/LosDelfines/.rmv/config
2023-08-14 15:32:16.026 [pool-3-thread-1] INFO  com.rs.mv.mvvs.rmv.config.Config - [framework:30010103]resource config path is : /
2023-08-14 15:32:16.027 [pool-3-thread-1] INFO  com.rs.mv.mvvs.rmv.config.Config - [framework:30010104]user config path is : C:/Users/Manue
2023-08-14 15:32:16.137 [pool-3-thread-1] INFO  com.rs.mv.mvvs.rmv.config.Config - [framework:30010105]config load end
2023-08-14 15:32:16.139 [pool-3-thread-1] INFO  com.rs.mv.mvvs.rmv.documentation.BasicDocumentation - [framework:30020101]documentation load start
2023-08-14 15:32:16.140 [pool-3-thread-1] INFO  com.rs.mv.mvvs.rmv.documentation.reader.SystemDocReader - [framework:30020102]system documentation path: /documentation/UNIVERSE/
2023-08-14 15:32:16.143 [pool-3-thread-1] INFO  com.rs.mv.mvvs.rmv.documentation.reader.ProjectDocReader - [framework:30020103]project documentation brief file: C:\Users\Manue\OneDrive\Documentos\Desarrollo Web\Java\LosDelfines\.rmv\documentation\UNIVERSE\custom.json
2023-08-14 15:32:16.193 [pool-3-thread-1] INFO  com.rs.mv.mvvs.rmv.documentation.reader.UserDocReader - [framework:30020104]user documentation brief file: C:\Users\Manue\documentation\UNIVERSE\custom.json
2023-08-14 15:32:16.544 [pool-3-thread-1] INFO  com.rs.mv.mvvs.rmv.documentation.BasicDocumentation - [framework:30020105]documentation load end
2023-08-14 15:32:16.559 [pool-3-thread-1] INFO  com.rs.mv.mvvs.common.convertor.ConvertorManager - [framework:30030101]convertors for folder(C:/Users/Manue/OneDrive/Documentos/Desarrollo Web/Java/LosDelfines) load start
2023-08-14 15:32:16.567 [pool-3-thread-1] INFO  com.rs.mv.mvvs.common.convertor.ConvertorManager - [framework:30030102]comment convertor load finish
2023-08-14 15:32:17.855 [pool-3-thread-1] INFO  com.rs.mv.mvvs.common.convertor.ConvertorManager - [framework:30030103]keyword convertor load finish
2023-08-14 15:32:17.860 [pool-3-thread-1] INFO  com.rs.mv.mvvs.common.convertor.ConvertorManager - [framework:30030104]operator convertor load finish
2023-08-14 15:32:17.861 [pool-3-thread-1] INFO  com.rs.mv.mvvs.common.convertor.ConvertorManager - [framework:30030105]function name convertor load finish
2023-08-14 15:32:17.862 [pool-3-thread-1] INFO  com.rs.mv.mvvs.common.convertor.ConvertorManager - [framework:30030106]atVariable convertor load finish
2023-08-14 15:32:17.862 [pool-3-thread-1] INFO  com.rs.mv.mvvs.common.convertor.ConvertorManager - [framework:30030107]convertors for folder(C:/Users/Manue/OneDrive/Documentos/Desarrollo Web/Java/LosDelfines) load end
2023-08-14 15:32:17.921 [pool-3-thread-1] INFO  com.rs.mv.mvvs.rmv.config.CapabilityConfig - [framework:30010301]capabilities file(C:/Users/Manue/OneDrive/Documentos/Desarrollo Web/Java/LosDelfines/config/capability) doesn't exist or read error, default config will take effect
2023-08-14 15:32:17.922 [pool-3-thread-1] INFO  com.rs.mv.mvvs.instance.workspace.WorkspaceManager - [workspace:200105]load all workspace folders successful
2023-08-14 15:32:17.924 [pool-3-thread-1] INFO  com.rs.mv.mvvs.client.account.AccountManager - [client:40010101]load account manager start
2023-08-14 15:32:18.024 [pool-3-thread-1] INFO  com.rs.mv.mvvs.client.account.handler.CacheAccountHandler - [client:40010102]load cache account: 
2023-08-14 15:32:18.026 [pool-3-thread-1] INFO  com.rs.mv.mvvs.client.account.handler.ExternalAccountHandler - [client:40010103]load external account: 
2023-08-14 15:32:20.630 [pool-3-thread-1] INFO  com.rs.mv.mvvs.client.catalog.manager.U2CatalogManager - [client:400203]cache file auto update thread launch in LosDelfines account
2023-08-14 15:32:20.634 [pool-3-thread-1] INFO  com.rs.mv.mvvs.client.catalog.from.config.DirsConfigReader - [client:400206]parse dir config information
2023-08-14 15:32:20.635 [pool-3-thread-1] INFO  com.rs.mv.mvvs.client.catalog.from.config.MappingConfigReader - [client:400207]parse mapping config information
2023-08-14 15:32:20.677 [pool-3-thread-1] INFO  com.rs.mv.mvvs.client.catalog.manager.U2CatalogManager - [client:400202]start a schedule task to get global/local catalog for LosDelfines, its period 5s 
2023-08-14 15:32:20.678 [pool-3-thread-1] INFO  com.rs.mv.mvvs.client.catalog.manager.U2CatalogManager - [client:400203]cache file auto update thread launch in .git account
2023-08-14 15:32:20.678 [pool-3-thread-1] INFO  com.rs.mv.mvvs.client.catalog.from.config.DirsConfigReader - [client:400206]parse dir config information
2023-08-14 15:32:20.679 [pool-3-thread-1] INFO  com.rs.mv.mvvs.client.catalog.from.config.MappingConfigReader - [client:400207]parse mapping config information
2023-08-14 15:32:20.680 [pool-3-thread-1] INFO  com.rs.mv.mvvs.client.catalog.manager.U2CatalogManager - [client:400202]start a schedule task to get global/local catalog for .git, its period 5s 
2023-08-14 15:32:20.680 [pool-3-thread-1] INFO  com.rs.mv.mvvs.client.catalog.manager.U2CatalogManager - [client:400203]cache file auto update thread launch in logs account
2023-08-14 15:32:20.681 [pool-3-thread-1] INFO  com.rs.mv.mvvs.client.catalog.from.config.DirsConfigReader - [client:400206]parse dir config information
2023-08-14 15:32:20.681 [pool-3-thread-1] INFO  com.rs.mv.mvvs.client.catalog.from.config.MappingConfigReader - [client:400207]parse mapping config information
2023-08-14 15:32:20.681 [pool-3-thread-1] INFO  com.rs.mv.mvvs.client.catalog.manager.U2CatalogManager - [client:400202]start a schedule task to get global/local catalog for logs, its period 5s 
2023-08-14 15:32:20.682 [pool-3-thread-1] INFO  com.rs.mv.mvvs.client.catalog.manager.U2CatalogManager - [client:400203]cache file auto update thread launch in refs account
2023-08-14 15:32:20.682 [pool-3-thread-1] INFO  com.rs.mv.mvvs.client.catalog.from.config.DirsConfigReader - [client:400206]parse dir config information
2023-08-14 15:32:20.683 [pool-3-thread-1] INFO  com.rs.mv.mvvs.client.catalog.from.config.MappingConfigReader - [client:400207]parse mapping config information
2023-08-14 15:32:20.683 [pool-3-thread-1] INFO  com.rs.mv.mvvs.client.catalog.manager.U2CatalogManager - [client:400202]start a schedule task to get global/local catalog for refs, its period 5s 
2023-08-14 15:32:20.684 [pool-3-thread-1] INFO  com.rs.mv.mvvs.client.catalog.manager.U2CatalogManager - [client:400203]cache file auto update thread launch in remotes account
2023-08-14 15:32:20.685 [pool-3-thread-1] INFO  com.rs.mv.mvvs.client.catalog.from.config.DirsConfigReader - [client:400206]parse dir config information
2023-08-14 15:32:20.685 [pool-3-thread-1] INFO  com.rs.mv.mvvs.client.catalog.from.config.MappingConfigReader - [client:400207]parse mapping config information
2023-08-14 15:32:20.685 [pool-3-thread-1] INFO  com.rs.mv.mvvs.client.catalog.manager.U2CatalogManager - [client:400202]start a schedule task to get global/local catalog for remotes, its period 5s 
2023-08-14 15:32:20.686 [pool-3-thread-1] INFO  com.rs.mv.mvvs.client.catalog.manager.U2CatalogManager - [client:400203]cache file auto update thread launch in objects account
2023-08-14 15:32:20.686 [pool-3-thread-1] INFO  com.rs.mv.mvvs.client.catalog.from.config.DirsConfigReader - [client:400206]parse dir config information
2023-08-14 15:32:20.687 [pool-3-thread-1] INFO  com.rs.mv.mvvs.client.catalog.from.config.MappingConfigReader - [client:400207]parse mapping config information
2023-08-14 15:32:20.687 [pool-3-thread-1] INFO  com.rs.mv.mvvs.client.catalog.manager.U2CatalogManager - [client:400202]start a schedule task to get global/local catalog for objects, its period 5s 
2023-08-14 15:32:20.688 [pool-3-thread-1] INFO  com.rs.mv.mvvs.client.catalog.manager.U2CatalogManager - [client:400203]cache file auto update thread launch in refs account
2023-08-14 15:32:20.688 [pool-3-thread-1] INFO  com.rs.mv.mvvs.client.catalog.from.config.DirsConfigReader - [client:400206]parse dir config information
2023-08-14 15:32:20.688 [pool-3-thread-1] INFO  com.rs.mv.mvvs.client.catalog.from.config.MappingConfigReader - [client:400207]parse mapping config information
2023-08-14 15:32:20.688 [pool-3-thread-1] INFO  com.rs.mv.mvvs.client.catalog.manager.U2CatalogManager - [client:400202]start a schedule task to get global/local catalog for refs, its period 5s 
2023-08-14 15:32:20.689 [pool-3-thread-1] INFO  com.rs.mv.mvvs.client.catalog.manager.U2CatalogManager - [client:400203]cache file auto update thread launch in remotes account
2023-08-14 15:32:20.689 [pool-3-thread-1] INFO  com.rs.mv.mvvs.client.catalog.from.config.DirsConfigReader - [client:400206]parse dir config information
2023-08-14 15:32:20.689 [pool-3-thread-1] INFO  com.rs.mv.mvvs.client.catalog.from.config.MappingConfigReader - [client:400207]parse mapping config information
2023-08-14 15:32:20.690 [pool-3-thread-1] INFO  com.rs.mv.mvvs.client.catalog.manager.U2CatalogManager - [client:400202]start a schedule task to get global/local catalog for remotes, its period 5s 
2023-08-14 15:32:20.690 [pool-3-thread-1] INFO  com.rs.mv.mvvs.client.catalog.manager.U2CatalogManager - [client:400203]cache file auto update thread launch in .gradle account
2023-08-14 15:32:20.690 [pool-3-thread-1] INFO  com.rs.mv.mvvs.client.catalog.from.config.DirsConfigReader - [client:400206]parse dir config information
2023-08-14 15:32:20.691 [pool-3-thread-1] INFO  com.rs.mv.mvvs.client.catalog.from.config.MappingConfigReader - [client:400207]parse mapping config information
2023-08-14 15:32:20.692 [pool-3-thread-1] INFO  com.rs.mv.mvvs.client.catalog.manager.U2CatalogManager - [client:400202]start a schedule task to get global/local catalog for .gradle, its period 5s 
2023-08-14 15:32:20.692 [pool-3-thread-1] INFO  com.rs.mv.mvvs.client.catalog.manager.U2CatalogManager - [client:400203]cache file auto update thread launch in 7.6.1 account
2023-08-14 15:32:20.692 [pool-3-thread-1] INFO  com.rs.mv.mvvs.client.catalog.from.config.DirsConfigReader - [client:400206]parse dir config information
2023-08-14 15:32:20.693 [pool-3-thread-1] INFO  com.rs.mv.mvvs.client.catalog.from.config.MappingConfigReader - [client:400207]parse mapping config information
2023-08-14 15:32:20.693 [pool-3-thread-1] INFO  com.rs.mv.mvvs.client.catalog.manager.U2CatalogManager - [client:400202]start a schedule task to get global/local catalog for 7.6.1, its period 5s 
2023-08-14 15:32:20.694 [pool-3-thread-1] INFO  com.rs.mv.mvvs.client.catalog.manager.U2CatalogManager - [client:400203]cache file auto update thread launch in bin account
2023-08-14 15:32:20.694 [pool-3-thread-1] INFO  com.rs.mv.mvvs.client.catalog.from.config.DirsConfigReader - [client:400206]parse dir config information
2023-08-14 15:32:20.694 [pool-3-thread-1] INFO  com.rs.mv.mvvs.client.catalog.from.config.MappingConfigReader - [client:400207]parse mapping config information
2023-08-14 15:32:20.695 [pool-3-thread-1] INFO  com.rs.mv.mvvs.client.catalog.manager.U2CatalogManager - [client:400202]start a schedule task to get global/local catalog for bin, its period 5s 
2023-08-14 15:32:20.695 [pool-3-thread-1] INFO  com.rs.mv.mvvs.client.catalog.manager.U2CatalogManager - [client:400203]cache file auto update thread launch in main account
2023-08-14 15:32:20.696 [pool-3-thread-1] INFO  com.rs.mv.mvvs.client.catalog.from.config.DirsConfigReader - [client:400206]parse dir config information
2023-08-14 15:32:20.696 [pool-3-thread-1] INFO  com.rs.mv.mvvs.client.catalog.from.config.MappingConfigReader - [client:400207]parse mapping config information
2023-08-14 15:32:20.696 [pool-3-thread-1] INFO  com.rs.mv.mvvs.client.catalog.manager.U2CatalogManager - [client:400202]start a schedule task to get global/local catalog for main, its period 5s 
2023-08-14 15:32:20.696 [pool-3-thread-1] INFO  com.rs.mv.mvvs.client.catalog.manager.U2CatalogManager - [client:400203]cache file auto update thread launch in com account
2023-08-14 15:32:20.697 [pool-3-thread-1] INFO  com.rs.mv.mvvs.client.catalog.from.config.DirsConfigReader - [client:400206]parse dir config information
2023-08-14 15:32:20.697 [pool-3-thread-1] INFO  com.rs.mv.mvvs.client.catalog.from.config.MappingConfigReader - [client:400207]parse mapping config information
2023-08-14 15:32:20.697 [pool-3-thread-1] INFO  com.rs.mv.mvvs.client.catalog.manager.U2CatalogManager - [client:400202]start a schedule task to get global/local catalog for com, its period 5s 
2023-08-14 15:32:20.697 [pool-3-thread-1] INFO  com.rs.mv.mvvs.client.catalog.manager.U2CatalogManager - [client:400203]cache file auto update thread launch in losdelfines account
2023-08-14 15:32:20.698 [pool-3-thread-1] INFO  com.rs.mv.mvvs.client.catalog.from.config.DirsConfigReader - [client:400206]parse dir config information
2023-08-14 15:32:20.698 [pool-3-thread-1] INFO  com.rs.mv.mvvs.client.catalog.from.config.MappingConfigReader - [client:400207]parse mapping config information
2023-08-14 15:32:20.698 [pool-3-thread-1] INFO  com.rs.mv.mvvs.client.catalog.manager.U2CatalogManager - [client:400202]start a schedule task to get global/local catalog for losdelfines, its period 5s 
2023-08-14 15:32:20.698 [pool-3-thread-1] INFO  com.rs.mv.mvvs.client.catalog.manager.U2CatalogManager - [client:400203]cache file auto update thread launch in backend account
2023-08-14 15:32:20.699 [pool-3-thread-1] INFO  com.rs.mv.mvvs.client.catalog.from.config.DirsConfigReader - [client:400206]parse dir config information
2023-08-14 15:32:20.699 [pool-3-thread-1] INFO  com.rs.mv.mvvs.client.catalog.from.config.MappingConfigReader - [client:400207]parse mapping config information
2023-08-14 15:32:20.699 [pool-3-thread-1] INFO  com.rs.mv.mvvs.client.catalog.manager.U2CatalogManager - [client:400202]start a schedule task to get global/local catalog for backend, its period 5s 
2023-08-14 15:32:20.699 [pool-3-thread-1] INFO  com.rs.mv.mvvs.client.catalog.manager.U2CatalogManager - [client:400203]cache file auto update thread launch in static account
2023-08-14 15:32:20.700 [pool-3-thread-1] INFO  com.rs.mv.mvvs.client.catalog.from.config.DirsConfigReader - [client:400206]parse dir config information
2023-08-14 15:32:20.700 [pool-3-thread-1] INFO  com.rs.mv.mvvs.client.catalog.from.config.MappingConfigReader - [client:400207]parse mapping config information
2023-08-14 15:32:20.700 [pool-3-thread-1] INFO  com.rs.mv.mvvs.client.catalog.manager.U2CatalogManager - [client:400202]start a schedule task to get global/local catalog for static, its period 5s 
2023-08-14 15:32:20.700 [pool-3-thread-1] INFO  com.rs.mv.mvvs.client.catalog.manager.U2CatalogManager - [client:400203]cache file auto update thread launch in gradle account
2023-08-14 15:32:20.700 [pool-3-thread-1] INFO  com.rs.mv.mvvs.client.catalog.from.config.DirsConfigReader - [client:400206]parse dir config information
2023-08-14 15:32:20.700 [pool-3-thread-1] INFO  com.rs.mv.mvvs.client.catalog.from.config.MappingConfigReader - [client:400207]parse mapping config information
2023-08-14 15:32:20.700 [pool-3-thread-1] INFO  com.rs.mv.mvvs.client.catalog.manager.U2CatalogManager - [client:400202]start a schedule task to get global/local catalog for gradle, its period 5s 
2023-08-14 15:32:20.701 [pool-3-thread-1] INFO  com.rs.mv.mvvs.client.catalog.manager.U2CatalogManager - [client:400203]cache file auto update thread launch in src account
2023-08-14 15:32:20.701 [pool-3-thread-1] INFO  com.rs.mv.mvvs.client.catalog.from.config.DirsConfigReader - [client:400206]parse dir config information
2023-08-14 15:32:20.701 [pool-3-thread-1] INFO  com.rs.mv.mvvs.client.catalog.from.config.MappingConfigReader - [client:400207]parse mapping config information
2023-08-14 15:32:20.701 [pool-3-thread-1] INFO  com.rs.mv.mvvs.client.catalog.manager.U2CatalogManager - [client:400202]start a schedule task to get global/local catalog for src, its period 5s 
2023-08-14 15:32:20.702 [pool-3-thread-1] INFO  com.rs.mv.mvvs.client.catalog.manager.U2CatalogManager - [client:400203]cache file auto update thread launch in main account
2023-08-14 15:32:20.702 [pool-3-thread-1] INFO  com.rs.mv.mvvs.client.catalog.from.config.DirsConfigReader - [client:400206]parse dir config information
2023-08-14 15:32:20.702 [pool-3-thread-1] INFO  com.rs.mv.mvvs.client.catalog.from.config.MappingConfigReader - [client:400207]parse mapping config information
2023-08-14 15:32:20.702 [pool-3-thread-1] INFO  com.rs.mv.mvvs.client.catalog.manager.U2CatalogManager - [client:400202]start a schedule task to get global/local catalog for main, its period 5s 
2023-08-14 15:32:20.703 [pool-3-thread-1] INFO  com.rs.mv.mvvs.client.catalog.manager.U2CatalogManager - [client:400203]cache file auto update thread launch in java account
2023-08-14 15:32:20.703 [pool-3-thread-1] INFO  com.rs.mv.mvvs.client.catalog.from.config.DirsConfigReader - [client:400206]parse dir config information
2023-08-14 15:32:20.703 [pool-3-thread-1] INFO  com.rs.mv.mvvs.client.catalog.from.config.MappingConfigReader - [client:400207]parse mapping config information
2023-08-14 15:32:20.704 [pool-3-thread-1] INFO  com.rs.mv.mvvs.client.catalog.manager.U2CatalogManager - [client:400202]start a schedule task to get global/local catalog for java, its period 5s 
2023-08-14 15:32:20.704 [pool-3-thread-1] INFO  com.rs.mv.mvvs.client.catalog.manager.U2CatalogManager - [client:400203]cache file auto update thread launch in com account
2023-08-14 15:32:20.704 [pool-3-thread-1] INFO  com.rs.mv.mvvs.client.catalog.from.config.DirsConfigReader - [client:400206]parse dir config information
2023-08-14 15:32:20.704 [pool-3-thread-1] INFO  com.rs.mv.mvvs.client.catalog.from.config.MappingConfigReader - [client:400207]parse mapping config information
2023-08-14 15:32:20.705 [pool-3-thread-1] INFO  com.rs.mv.mvvs.client.catalog.manager.U2CatalogManager - [client:400202]start a schedule task to get global/local catalog for com, its period 5s 
2023-08-14 15:32:20.705 [pool-3-thread-1] INFO  com.rs.mv.mvvs.client.catalog.manager.U2CatalogManager - [client:400203]cache file auto update thread launch in losdelfines account
2023-08-14 15:32:20.705 [pool-3-thread-1] INFO  com.rs.mv.mvvs.client.catalog.from.config.DirsConfigReader - [client:400206]parse dir config information
2023-08-14 15:32:20.705 [pool-3-thread-1] INFO  com.rs.mv.mvvs.client.catalog.from.config.MappingConfigReader - [client:400207]parse mapping config information
2023-08-14 15:32:20.706 [pool-3-thread-1] INFO  com.rs.mv.mvvs.client.catalog.manager.U2CatalogManager - [client:400202]start a schedule task to get global/local catalog for losdelfines, its period 5s 
2023-08-14 15:32:20.706 [pool-3-thread-1] INFO  com.rs.mv.mvvs.client.catalog.manager.U2CatalogManager - [client:400203]cache file auto update thread launch in backend account
2023-08-14 15:32:20.706 [pool-3-thread-1] INFO  com.rs.mv.mvvs.client.catalog.from.config.DirsConfigReader - [client:400206]parse dir config information
2023-08-14 15:32:20.706 [pool-3-thread-1] INFO  com.rs.mv.mvvs.client.catalog.from.config.MappingConfigReader - [client:400207]parse mapping config information
2023-08-14 15:32:20.706 [pool-3-thread-1] INFO  com.rs.mv.mvvs.client.catalog.manager.U2CatalogManager - [client:400202]start a schedule task to get global/local catalog for backend, its period 5s 
2023-08-14 15:32:20.707 [pool-3-thread-1] INFO  com.rs.mv.mvvs.client.catalog.manager.U2CatalogManager - [client:400203]cache file auto update thread launch in resources account
2023-08-14 15:32:20.707 [pool-3-thread-1] INFO  com.rs.mv.mvvs.client.catalog.from.config.DirsConfigReader - [client:400206]parse dir config information
2023-08-14 15:32:20.707 [pool-3-thread-1] INFO  com.rs.mv.mvvs.client.catalog.from.config.MappingConfigReader - [client:400207]parse mapping config information
2023-08-14 15:32:20.708 [pool-3-thread-1] INFO  com.rs.mv.mvvs.client.catalog.manager.U2CatalogManager - [client:400202]start a schedule task to get global/local catalog for resources, its period 5s 
2023-08-14 15:32:20.708 [pool-3-thread-1] INFO  com.rs.mv.mvvs.client.catalog.manager.U2CatalogManager - [client:400203]cache file auto update thread launch in static account
2023-08-14 15:32:20.708 [pool-3-thread-1] INFO  com.rs.mv.mvvs.client.catalog.from.config.DirsConfigReader - [client:400206]parse dir config information
2023-08-14 15:32:20.708 [pool-3-thread-1] INFO  com.rs.mv.mvvs.client.catalog.from.config.MappingConfigReader - [client:400207]parse mapping config information
2023-08-14 15:32:20.709 [pool-3-thread-1] INFO  com.rs.mv.mvvs.client.catalog.manager.U2CatalogManager - [client:400202]start a schedule task to get global/local catalog for static, its period 5s 
2023-08-14 15:32:20.791 [pool-3-thread-1] INFO  com.rs.mv.mvvs.rmv.documentation.BasicDocumentation - [framework:30020101]documentation load start
2023-08-14 15:32:20.792 [pool-3-thread-1] INFO  com.rs.mv.mvvs.rmv.documentation.reader.SystemDocReader - [framework:30020102]system documentation path: /documentation/UNIVERSE/
2023-08-14 15:32:20.792 [pool-3-thread-1] INFO  com.rs.mv.mvvs.rmv.documentation.reader.ProjectDocReader - [framework:30020103]project documentation brief file: custom.json
2023-08-14 15:32:20.792 [pool-3-thread-1] INFO  com.rs.mv.mvvs.rmv.documentation.reader.UserDocReader - [framework:30020104]user documentation brief file: C:\Users\Manue\documentation\UNIVERSE\custom.json
2023-08-14 15:32:20.803 [pool-3-thread-1] INFO  com.rs.mv.mvvs.rmv.documentation.BasicDocumentation - [framework:30020105]documentation load end
2023-08-14 15:32:20.805 [pool-3-thread-1] INFO  com.rs.mv.mvvs.common.convertor.ConvertorManager - [framework:30030101]convertors for folder(*) load start
2023-08-14 15:32:20.805 [pool-3-thread-1] INFO  com.rs.mv.mvvs.common.convertor.ConvertorManager - [framework:30030102]comment convertor load finish
2023-08-14 15:32:20.809 [pool-3-thread-1] INFO  com.rs.mv.mvvs.common.convertor.ConvertorManager - [framework:30030103]keyword convertor load finish
2023-08-14 15:32:20.810 [pool-3-thread-1] INFO  com.rs.mv.mvvs.common.convertor.ConvertorManager - [framework:30030104]operator convertor load finish
2023-08-14 15:32:20.810 [pool-3-thread-1] INFO  com.rs.mv.mvvs.common.convertor.ConvertorManager - [framework:30030105]function name convertor load finish
2023-08-14 15:32:20.810 [pool-3-thread-1] INFO  com.rs.mv.mvvs.common.convertor.ConvertorManager - [framework:30030106]atVariable convertor load finish
2023-08-14 15:32:20.810 [pool-3-thread-1] INFO  com.rs.mv.mvvs.common.convertor.ConvertorManager - [framework:30030107]convertors for folder(*) load end
2023-08-14 15:32:20.811 [pool-3-thread-1] INFO  com.rs.mv.mvvs.client.catalog.manager.U2CatalogManager - [client:400203]cache file auto update thread launch in ... account
2023-08-14 15:32:20.811 [pool-3-thread-1] INFO  com.rs.mv.mvvs.client.catalog.from.config.DirsConfigReader - [client:400206]parse dir config information
2023-08-14 15:32:20.812 [pool-3-thread-1] INFO  com.rs.mv.mvvs.client.catalog.from.config.MappingConfigReader - [client:400207]parse mapping config information
2023-08-14 15:32:20.814 [pool-3-thread-1] INFO  com.rs.mv.mvvs.client.catalog.manager.U2CatalogManager - [client:400202]start a schedule task to get global/local catalog for ..., its period 5s 
2023-08-14 15:32:20.827 [pool-3-thread-1] INFO  com.rs.mv.mvvs.client.account.handler.ServerAccountHandler - [client:40010104]load server account: Account{name=LosDelfines, path=C:/Users/Manue/OneDrive/Documentos/Desarrollo Web/Java/LosDelfines, type=PREDICT}
Account{name=refs, path=C:/Users/Manue/OneDrive/Documentos/Desarrollo Web/Java/LosDelfines/.git/refs, type=PREDICT}
Account{name=java, path=C:/Users/Manue/OneDrive/Documentos/Desarrollo Web/Java/LosDelfines/src/main/java, type=PREDICT}
Account{name=backend, path=C:/Users/Manue/OneDrive/Documentos/Desarrollo Web/Java/LosDelfines/bin/main/com/losdelfines/backend, type=PREDICT}
Account{name=gradle, path=C:/Users/Manue/OneDrive/Documentos/Desarrollo Web/Java/LosDelfines/gradle, type=PREDICT}
Account{name=src, path=C:/Users/Manue/OneDrive/Documentos/Desarrollo Web/Java/LosDelfines/src, type=PREDICT}
Account{name=refs, path=C:/Users/Manue/OneDrive/Documentos/Desarrollo Web/Java/LosDelfines/.git/logs/refs, type=PREDICT}
Account{name=objects, path=C:/Users/Manue/OneDrive/Documentos/Desarrollo Web/Java/LosDelfines/.git/objects, type=PREDICT}
Account{name=losdelfines, path=C:/Users/Manue/OneDrive/Documentos/Desarrollo Web/Java/LosDelfines/src/main/java/com/losdelfines, type=PREDICT}
Account{name=backend, path=C:/Users/Manue/OneDrive/Documentos/Desarrollo Web/Java/LosDelfines/src/main/java/com/losdelfines/backend, type=PREDICT}
Account{name=static, path=C:/Users/Manue/OneDrive/Documentos/Desarrollo Web/Java/LosDelfines/src/main/resources/static, type=PREDICT}
Account{name=.git, path=C:/Users/Manue/OneDrive/Documentos/Desarrollo Web/Java/LosDelfines/.git, type=PREDICT}
Account{name=com, path=C:/Users/Manue/OneDrive/Documentos/Desarrollo Web/Java/LosDelfines/bin/main/com, type=PREDICT}
Account{name=losdelfines, path=C:/Users/Manue/OneDrive/Documentos/Desarrollo Web/Java/LosDelfines/bin/main/com/losdelfines, type=PREDICT}
Account{name=remotes, path=C:/Users/Manue/OneDrive/Documentos/Desarrollo Web/Java/LosDelfines/.git/logs/refs/remotes, type=PREDICT}
Account{name=.gradle, path=C:/Users/Manue/OneDrive/Documentos/Desarrollo Web/Java/LosDelfines/.gradle, type=PREDICT}
Account{name=bin, path=C:/Users/Manue/OneDrive/Documentos/Desarrollo Web/Java/LosDelfines/bin, type=PREDICT}
Account{name=static, path=C:/Users/Manue/OneDrive/Documentos/Desarrollo Web/Java/LosDelfines/bin/main/static, type=PREDICT}
Account{name=com, path=C:/Users/Manue/OneDrive/Documentos/Desarrollo Web/Java/LosDelfines/src/main/java/com, type=PREDICT}
Account{name=main, path=C:/Users/Manue/OneDrive/Documentos/Desarrollo Web/Java/LosDelfines/src/main, type=PREDICT}
Account{name=..., path=..., type=PREDICT}
2023-08-14 15:32:20.829 [pool-3-thread-1] INFO  com.rs.mv.mvvs.client.account.AccountManager - [client:40010105]load account manager finish
2023-08-14 15:32:20.830 [pool-3-thread-1] INFO  com.rs.mv.mvvs.instance.userspace.UserspaceManager - [framework:30010402]config file(C:\Users\Manue/.rmv/config) watcher launch successful
2023-08-14 15:32:41.545 [pool-3-thread-1] INFO  com.rs.mv.mvvs.client.catalog.from.scan.CurrentPathScanner - [client:400205]scan file in current open file directory(C:/Users/Manue/OneDrive/Documentos/Desarrollo Web/Java/LosDelfines/src/main/resources)
2023-08-14 15:45:01.751 [pool-3-thread-1] INFO  com.rs.mv.mvvs.client.catalog.from.scan.CurrentPathScanner - [client:400205]scan file in current open file directory(C:/Users/Manue/OneDrive/Documentos/Desarrollo Web/Java/LosDelfines/src/main/java/com/losdelfines/backend)
2023-08-14 15:45:21.791 [pool-3-thread-1] INFO  com.rs.mv.mvvs.client.catalog.from.scan.CurrentPathScanner - [client:400205]scan file in current open file directory(C:/Users/Manue/OneDrive/Documentos/Desarrollo Web/Java/LosDelfines/src/main/resources/static/js)
2023-08-14 15:45:28.655 [pool-3-thread-1] INFO  com.rs.mv.mvvs.client.catalog.from.scan.CurrentPathScanner - [client:400205]scan file in current open file directory(C:/Users/Manue/OneDrive/Documentos/Desarrollo Web/Java/LosDelfines/src/main/resources/static/js)
2023-08-14 16:01:44.402 [pool-3-thread-1] INFO  com.rs.mv.mvvs.client.catalog.from.scan.CurrentPathScanner - [client:400205]scan file in current open file directory(C:/Users/Manue/OneDrive/Documentos/Desarrollo Web/Java/LosDelfines/src/main/resources/static)
2023-08-14 16:04:12.685 [pool-3-thread-1] INFO  com.rs.mv.mvvs.client.catalog.from.scan.CurrentPathScanner - [client:400205]scan file in current open file directory(C:/Users/Manue/OneDrive/Documentos/Desarrollo Web/Java/LosDelfines/src/main/resources/static/js)
2023-08-14 16:06:51.969 [pool-3-thread-1] INFO  com.rs.mv.mvvs.client.catalog.from.scan.CurrentPathScanner - [client:400205]scan file in current open file directory(C:/Users/Manue/OneDrive/Documentos/Desarrollo Web/Java/LosDelfines/src/main/resources/static/js)
2023-08-14 16:06:59.210 [pool-3-thread-1] INFO  com.rs.mv.mvvs.client.catalog.from.scan.CurrentPathScanner - [client:400205]scan file in current open file directory(C:/Users/Manue/OneDrive/Documentos/Desarrollo Web/Java/LosDelfines/src/main/resources/static/js)
2023-08-14 16:08:05.784 [pool-3-thread-1] INFO  com.rs.mv.mvvs.client.catalog.from.scan.CurrentPathScanner - [client:400205]scan file in current open file directory(C:/Users/Manue/OneDrive/Documentos/Desarrollo Web/Java/LosDelfines/src/main/java/com/losdelfines/backend)
2023-08-14 16:09:38.054 [pool-3-thread-1] INFO  com.rs.mv.mvvs.client.catalog.from.scan.CurrentPathScanner - [client:400205]scan file in current open file directory(C:/Users/Manue/OneDrive/Documentos/Desarrollo Web/Java/LosDelfines/src/main/resources/static/js)
2023-08-14 16:10:12.726 [pool-3-thread-1] INFO  com.rs.mv.mvvs.client.catalog.from.scan.CurrentPathScanner - [client:400205]scan file in current open file directory(C:/Users/Manue/OneDrive/Documentos/Desarrollo Web/Java/LosDelfines/src/main/resources/static)
2023-08-14 16:10:20.298 [pool-3-thread-1] INFO  com.rs.mv.mvvs.client.catalog.from.scan.CurrentPathScanner - [client:400205]scan file in current open file directory(C:/Users/Manue/OneDrive/Documentos/Desarrollo Web/Java/LosDelfines/src/main/resources/static/js)
2023-08-14 16:26:11.892 [pool-3-thread-1] INFO  com.rs.mv.mvvs.client.catalog.from.scan.CurrentPathScanner - [client:400205]scan file in current open file directory(C:/Users/Manue/OneDrive/Documentos/Desarrollo Web/Java/LosDelfines/src/main/resources)
2023-08-14 16:26:14.592 [pool-3-thread-1] INFO  com.rs.mv.mvvs.client.catalog.from.scan.CurrentPathScanner - [client:400205]scan file in current open file directory(C:/Users/Manue/OneDrive/Documentos/Desarrollo Web/Java/LosDelfines)
2023-08-14 16:27:26.803 [pool-3-thread-1] INFO  com.rs.mv.mvvs.client.catalog.from.scan.CurrentPathScanner - [client:400205]scan file in current open file directory(C:/Users/Manue/OneDrive/Documentos/Desarrollo Web/Java/LosDelfines/src/main/resources/static/js)
2023-08-14 16:34:24.536 [pool-3-thread-1] INFO  com.rs.mv.mvvs.client.catalog.from.scan.CurrentPathScanner - [client:400205]scan file in current open file directory(C:/Users/Manue/OneDrive/Documentos/Desarrollo Web/Java/LosDelfines/src/main/resources/static)
2023-08-14 16:37:16.053 [pool-3-thread-1] INFO  com.rs.mv.mvvs.client.catalog.from.scan.CurrentPathScanner - [client:400205]scan file in current open file directory(C:/Users/Manue/OneDrive/Documentos/Desarrollo Web/Java/LosDelfines/src/main/resources/static)
2023-08-14 16:37:32.098 [pool-3-thread-1] INFO  com.rs.mv.mvvs.client.catalog.from.scan.CurrentPathScanner - [client:400205]scan file in current open file directory(C:/Users/Manue/OneDrive/Documentos/Desarrollo Web/Java/LosDelfines/src/main/resources/static/js)
2023-08-14 16:37:33.807 [pool-3-thread-1] INFO  com.rs.mv.mvvs.client.catalog.from.scan.CurrentPathScanner - [client:400205]scan file in current open file directory(C:/Users/Manue/OneDrive/Documentos/Desarrollo Web/Java/LosDelfines/src/main/resources/static)
2023-08-14 16:43:41.190 [pool-3-thread-1] INFO  com.rs.mv.mvvs.client.catalog.from.scan.CurrentPathScanner - [client:400205]scan file in current open file directory(C:/Users/Manue/OneDrive/Documentos/Desarrollo Web/Java/LosDelfines/src/main/resources/static/js)
2023-08-14 16:45:56.663 [pool-3-thread-1] INFO  com.rs.mv.mvvs.client.catalog.from.scan.CurrentPathScanner - [client:400205]scan file in current open file directory(C:/Users/Manue/OneDrive/Documentos/Desarrollo Web/Java/LosDelfines/src/main/resources)
2023-08-14 16:46:00.437 [pool-3-thread-1] INFO  com.rs.mv.mvvs.client.catalog.from.scan.CurrentPathScanner - [client:400205]scan file in current open file directory(C:/Users/Manue/OneDrive/Documentos/Desarrollo Web/Java/LosDelfines/src/main/resources/static)
2023-08-14 16:50:03.451 [pool-3-thread-1] INFO  com.rs.mv.mvvs.client.catalog.from.scan.CurrentPathScanner - [client:400205]scan file in current open file directory(C:/Users/Manue/OneDrive/Documentos/Desarrollo Web/Java/LosDelfines/src/main/java/com/losdelfines/backend)
2023-08-14 16:50:58.987 [pool-3-thread-1] INFO  com.rs.mv.mvvs.client.catalog.from.scan.CurrentPathScanner - [client:400205]scan file in current open file directory(C:/Users/Manue/OneDrive/Documentos/Desarrollo Web/Java/LosDelfines/src/main/resources/static/js)
2023-08-14 16:50:59.862 [pool-3-thread-1] INFO  com.rs.mv.mvvs.client.catalog.from.scan.CurrentPathScanner - [client:400205]scan file in current open file directory(C:/Users/Manue/OneDrive/Documentos/Desarrollo Web/Java/LosDelfines/src/main/resources/static)
2023-08-14 16:52:37.480 [pool-3-thread-1] INFO  com.rs.mv.mvvs.client.catalog.from.scan.CurrentPathScanner - [client:400205]scan file in current open file directory(C:/Users/Manue/OneDrive/Documentos/Desarrollo Web/Java/LosDelfines/src/main/resources/static/js)
2023-08-14 16:53:32.229 [pool-3-thread-1] INFO  com.rs.mv.mvvs.client.catalog.from.scan.CurrentPathScanner - [client:400205]scan file in current open file directory(C:/Users/Manue/OneDrive/Documentos/Desarrollo Web/Java/LosDelfines/src/main/java/com/losdelfines/backend)
2023-08-14 16:59:27.980 [pool-3-thread-1] INFO  com.rs.mv.mvvs.client.catalog.from.scan.CurrentPathScanner - [client:400205]scan file in current open file directory(C:/Users/Manue/OneDrive/Documentos/Desarrollo Web/Java/LosDelfines/src/main/resources/static/js)
2023-08-14 16:59:33.376 [pool-3-thread-1] INFO  com.rs.mv.mvvs.client.catalog.from.scan.CurrentPathScanner - [client:400205]scan file in current open file directory(C:/Users/Manue/OneDrive/Documentos/Desarrollo Web/Java/LosDelfines/src/main/resources/static/js)
2023-08-14 16:59:34.871 [pool-3-thread-1] INFO  com.rs.mv.mvvs.client.catalog.from.scan.CurrentPathScanner - [client:400205]scan file in current open file directory(C:/Users/Manue/OneDrive/Documentos/Desarrollo Web/Java/LosDelfines/src/main/resources/static/js)
2023-08-14 16:59:37.076 [pool-3-thread-1] INFO  com.rs.mv.mvvs.client.catalog.from.scan.CurrentPathScanner - [client:400205]scan file in current open file directory(C:/Users/Manue/OneDrive/Documentos/Desarrollo Web/Java/LosDelfines/src/main/resources/static)
2023-08-14 16:59:39.506 [pool-3-thread-1] INFO  com.rs.mv.mvvs.client.catalog.from.scan.CurrentPathScanner - [client:400205]scan file in current open file directory(C:/Users/Manue/OneDrive/Documentos/Desarrollo Web/Java/LosDelfines/src/main/resources/static)
2023-08-14 16:59:42.092 [pool-3-thread-1] INFO  com.rs.mv.mvvs.client.catalog.from.scan.CurrentPathScanner - [client:400205]scan file in current open file directory(C:/Users/Manue/OneDrive/Documentos/Desarrollo Web/Java/LosDelfines/src/main/resources/static/js)
2023-08-14 16:59:47.235 [pool-3-thread-1] INFO  com.rs.mv.mvvs.client.catalog.from.scan.CurrentPathScanner - [client:400205]scan file in current open file directory(C:/Users/Manue/OneDrive/Documentos/Desarrollo Web/Java/LosDelfines/src/main/resources/static)
2023-08-14 16:59:48.836 [pool-3-thread-1] INFO  com.rs.mv.mvvs.client.catalog.from.scan.CurrentPathScanner - [client:400205]scan file in current open file directory(C:/Users/Manue/OneDrive/Documentos/Desarrollo Web/Java/LosDelfines/src/main/resources/static/js)
2023-08-14 17:01:30.377 [pool-3-thread-1] INFO  com.rs.mv.mvvs.client.catalog.from.scan.CurrentPathScanner - [client:400205]scan file in current open file directory(C:/Users/Manue/OneDrive/Documentos/Desarrollo Web/Java/LosDelfines/src/main/java/com/losdelfines/backend)
2023-08-14 17:02:03.717 [pool-3-thread-1] INFO  com.rs.mv.mvvs.client.catalog.from.scan.CurrentPathScanner - [client:400205]scan file in current open file directory(C:/Users/Manue/OneDrive/Documentos/Desarrollo Web/Java/LosDelfines/src/main/resources/static/js)
2023-08-14 17:10:04.136 [pool-3-thread-1] INFO  com.rs.mv.mvvs.client.catalog.from.scan.CurrentPathScanner - [client:400205]scan file in current open file directory(C:/Users/Manue/OneDrive/Documentos/Desarrollo Web/Java/LosDelfines/src/main/resources/static/js)
2023-08-14 17:10:46.683 [pool-3-thread-1] INFO  com.rs.mv.mvvs.client.catalog.from.scan.CurrentPathScanner - [client:400205]scan file in current open file directory(C:/Users/Manue/OneDrive/Documentos/Desarrollo Web/Java/LosDelfines/.git)
2023-08-14 17:10:51.974 [pool-3-thread-1] INFO  com.rs.mv.mvvs.client.catalog.from.scan.CurrentPathScanner - [client:400205]scan file in current open file directory(C:/Users/Manue/OneDrive/Documentos/Desarrollo Web/Java/LosDelfines/src/main/resources/static/js)
2023-08-14 17:11:01.041 [pool-3-thread-1] INFO  com.rs.mv.mvvs.client.catalog.from.scan.CurrentPathScanner - [client:400205]scan file in current open file directory(C:/Users/Manue/OneDrive/Documentos/Desarrollo Web/Java/LosDelfines/src/main/resources/static/js)
2023-08-14 17:11:37.390 [pool-3-thread-1] INFO  com.rs.mv.mvvs.client.catalog.from.scan.CurrentPathScanner - [client:400205]scan file in current open file directory(C:/Users/Manue/OneDrive/Documentos/Desarrollo Web/Java/LosDelfines/.git)
2023-08-14 17:11:39.688 [pool-3-thread-1] INFO  com.rs.mv.mvvs.client.catalog.from.scan.CurrentPathScanner - [client:400205]scan file in current open file directory(C:/Users/Manue/OneDrive/Documentos/Desarrollo Web/Java/LosDelfines/src/main/resources/static/js)
2023-08-14 17:11:45.512 [pool-3-thread-1] INFO  com.rs.mv.mvvs.client.catalog.from.scan.CurrentPathScanner - [client:400205]scan file in current open file directory(C:/Users/Manue/OneDrive/Documentos/Desarrollo Web/Java/LosDelfines/src/main/resources/static)
2023-08-14 17:12:48.435 [pool-3-thread-1] INFO  com.rs.mv.mvvs.client.catalog.from.scan.CurrentPathScanner - [client:400205]scan file in current open file directory(C:/Users/Manue/OneDrive/Documentos/Desarrollo Web/Java/LosDelfines/src/main/resources/static/js)
2023-08-14 17:24:36.632 [pool-3-thread-1] INFO  com.rs.mv.mvvs.client.catalog.from.scan.CurrentPathScanner - [client:400205]scan file in current open file directory(C:/Users/Manue/OneDrive/Documentos/Desarrollo Web/Java/LosDelfines/src/main/resources/static)
2023-08-14 17:25:05.248 [pool-3-thread-1] INFO  com.rs.mv.mvvs.client.catalog.from.scan.CurrentPathScanner - [client:400205]scan file in current open file directory(C:/Users/Manue/OneDrive/Documentos/Desarrollo Web/Java/LosDelfines/src/main/java/com/losdelfines/backend)
2023-08-14 17:26:00.239 [pool-3-thread-1] INFO  com.rs.mv.mvvs.client.catalog.from.scan.CurrentPathScanner - [client:400205]scan file in current open file directory(C:/Users/Manue/OneDrive/Documentos/Desarrollo Web/Java/LosDelfines/src/main/resources/static)
2023-08-14 17:35:24.656 [main] WARN  com.rs.mv.mvvs.Startup - [LSP:100104]ROCKET MV BASIC EXTENSION exited
